{"uid":"4b4757e66a1912dae1a509f688f20b0f","name":"categories","children":[{"name":"Test defects","children":[{"name":"selenium.common.exceptions.NoSuchElementException: Message: no such element: Unable to locate element: {\"method\":\"xpath\",\"selector\":\"//button[normalize-space()='Generate Receipt']\"}\n  (Session info: chrome=142.0.7444.176); For documentation on this error, please visit: https://www.selenium.dev/documentation/webdriver/troubleshooting/errors#nosuchelementexception\nStacktrace:\n0   chromedriver                        0x0000000105a9f698 chromedriver + 6153880\n1   chromedriver                        0x0000000105a96b6a chromedriver + 6118250\n2   chromedriver                        0x000000010552ba5b chromedriver + 436827\n3   chromedriver                        0x000000010557e538 chromedriver + 775480\n4   chromedriver                        0x000000010557e791 chromedriver + 776081\n5   chromedriver                        0x00000001055cf934 chromedriver + 1108276\n6   chromedriver                        0x00000001055ccc8e chromedriver + 1096846\n7   chromedriver                        0x0000000105570b6f chromedriver + 719727\n8   chromedriver                        0x0000000105571871 chromedriver + 723057\n9   chromedriver                        0x0000000105a5c011 chromedriver + 5877777\n10  chromedriver                        0x0000000105a604c2 chromedriver + 5895362\n11  chromedriver                        0x0000000105a38155 chromedriver + 5730645\n12  chromedriver                        0x0000000105a60f6f chromedriver + 5898095\n13  chromedriver                        0x0000000105a27dc4 chromedriver + 5664196\n14  chromedriver                        0x0000000105a83b48 chromedriver + 6040392\n15  chromedriver                        0x0000000105a83d0d chromedriver + 6040845\n16  chromedriver                        0x0000000105a96751 chromedriver + 6117201\n17  libsystem_pthread.dylib             0x00007ff812b8a1d3 _pthread_start + 125\n18  libsystem_pthread.dylib             0x00007ff812b85bd3 thread_start + 15","children":[{"name":"Intrabank Transfer","uid":"84c34011a145ad24","parentUid":"4d0b1607b086543285b965a2bbe7cd47","status":"broken","time":{"start":1764699724978,"stop":1764699773257,"duration":48279},"flaky":false,"newFailed":false,"newPassed":false,"newBroken":false,"retriesCount":1,"retriesStatusChange":false,"parameters":[],"tags":[]}],"uid":"4d0b1607b086543285b965a2bbe7cd47"},{"name":"selenium.common.exceptions.NoSuchElementException: Message: no such element: Unable to locate element: {\"method\":\"xpath\",\"selector\":\"//input[@id='token-input-0']\"}\n  (Session info: chrome=142.0.7444.176); For documentation on this error, please visit: https://www.selenium.dev/documentation/webdriver/troubleshooting/errors#nosuchelementexception\nStacktrace:\n0   chromedriver                        0x0000000105a9f698 chromedriver + 6153880\n1   chromedriver                        0x0000000105a96b6a chromedriver + 6118250\n2   chromedriver                        0x000000010552ba5b chromedriver + 436827\n3   chromedriver                        0x000000010557e538 chromedriver + 775480\n4   chromedriver                        0x000000010557e791 chromedriver + 776081\n5   chromedriver                        0x00000001055cf934 chromedriver + 1108276\n6   chromedriver                        0x00000001055ccc8e chromedriver + 1096846\n7   chromedriver                        0x0000000105570b6f chromedriver + 719727\n8   chromedriver                        0x0000000105571871 chromedriver + 723057\n9   chromedriver                        0x0000000105a5c011 chromedriver + 5877777\n10  chromedriver                        0x0000000105a604c2 chromedriver + 5895362\n11  chromedriver                        0x0000000105a38155 chromedriver + 5730645\n12  chromedriver                        0x0000000105a60f6f chromedriver + 5898095\n13  chromedriver                        0x0000000105a27dc4 chromedriver + 5664196\n14  chromedriver                        0x0000000105a83b48 chromedriver + 6040392\n15  chromedriver                        0x0000000105a83d0d chromedriver + 6040845\n16  chromedriver                        0x0000000105a96751 chromedriver + 6117201\n17  libsystem_pthread.dylib             0x00007ff812b8a1d3 _pthread_start + 125\n18  libsystem_pthread.dylib             0x00007ff812b85bd3 thread_start + 15","children":[{"name":"Bills Payment","uid":"622469206722693c","parentUid":"318cbe133a6890d614b66162b846ef84","status":"broken","time":{"start":1764699774219,"stop":1764699824583,"duration":50364},"flaky":false,"newFailed":false,"newPassed":false,"newBroken":false,"retriesCount":1,"retriesStatusChange":false,"parameters":[],"tags":[]}],"uid":"318cbe133a6890d614b66162b846ef84"}],"uid":"bdbf199525818fae7a8651db9eafe741"}]}