{"uid":"bf4316e42fd5c498","name":"Bills Payment","fullName":"test_firstonline.Test#test_bills_payment","historyId":"46f59fcadc43fb9fa158faedd1587c7c","time":{"start":1764698694544,"stop":1764698740033,"duration":45489},"status":"broken","statusMessage":"selenium.common.exceptions.NoSuchElementException: Message: no such element: Unable to locate element: {\"method\":\"xpath\",\"selector\":\"//input[@id='token-input-0']\"}\n  (Session info: chrome=142.0.7444.176); For documentation on this error, please visit: https://www.selenium.dev/documentation/webdriver/troubleshooting/errors#nosuchelementexception\nStacktrace:\n0   chromedriver                        0x0000000106912698 chromedriver + 6153880\n1   chromedriver                        0x0000000106909b6a chromedriver + 6118250\n2   chromedriver                        0x000000010639ea5b chromedriver + 436827\n3   chromedriver                        0x00000001063f1538 chromedriver + 775480\n4   chromedriver                        0x00000001063f1791 chromedriver + 776081\n5   chromedriver                        0x0000000106442934 chromedriver + 1108276\n6   chromedriver                        0x000000010643fc8e chromedriver + 1096846\n7   chromedriver                        0x00000001063e3b6f chromedriver + 719727\n8   chromedriver                        0x00000001063e4871 chromedriver + 723057\n9   chromedriver                        0x00000001068cf011 chromedriver + 5877777\n10  chromedriver                        0x00000001068d34c2 chromedriver + 5895362\n11  chromedriver                        0x00000001068ab155 chromedriver + 5730645\n12  chromedriver                        0x00000001068d3f6f chromedriver + 5898095\n13  chromedriver                        0x000000010689adc4 chromedriver + 5664196\n14  chromedriver                        0x00000001068f6b48 chromedriver + 6040392\n15  chromedriver                        0x00000001068f6d0d chromedriver + 6040845\n16  chromedriver                        0x0000000106909751 chromedriver + 6117201\n17  libsystem_pthread.dylib             0x00007ff812b8a1d3 _pthread_start + 125\n18  libsystem_pthread.dylib             0x00007ff812b85bd3 thread_start + 15","statusTrace":"self = <test_file.test_firstonline.Test object at 0x111e4ce90>, get_logger = <Logger pytest_logger (INFO)>\ncontext = {'dashboard_page': <POM.dashboard_page.Dashboard object at 0x111e45160>, 'security_question_page': <POM.security_question_page.SecurityQuestion object at 0x111e47e00>}\ntest_data = [{'account_number': '3118407895', 'admn_pass': 'Password@2', 'admn_user': '1949052.tosin', 'amount': '1000', ...}]\n\n    @allure.title(\"Bills Payment\")\n    @pytest.mark.order(4)\n    def test_bills_payment(self, get_logger,context,test_data):\n        row = test_data[0]\n        phone_number = row[\"phone_number\"]\n        amount = row[\"amount\"]\n        searchbiller_type = row[\"searchbiller_type\"]\n        token = row[\"token\"]\n        search_airline = row[\"search_airline\"]\n        customer_Id = row[\"customer_Id\"]\n        billers_name = row[\"billers_name\"]\n    \n        log = get_logger\n        utils = BaseUtils(self.driver)\n        dashboard_page = context.get(\"dashboard_page\")\n        billspayment_page = dashboard_page.bills_payment_tab()\n        billspayment_page.search_biller(searchbiller_type)\n        time.sleep(2)\n        billspayment_page.select_biller()\n        time.sleep(2)\n        billspayment_page.search_airline(search_airline)\n        time.sleep(2)\n        billspayment_page.select_search_result()\n        time.sleep(2)\n        billspayment_page.select_package()\n        time.sleep(2)\n        billspayment_page.select_prepaid_plan()\n        billspayment_page.input_customer_id(customer_Id)\n        time.sleep(2)\n        billspayment_page.enter_amount(amount)\n        billspayment_page.enter_phone_number(phone_number)\n        utils.scroll_to_bottom()\n        billspayment_page.proceed()\n        time.sleep(2)\n        customer_name = billspayment_page.get_customername_text()\n        assert billers_name in customer_name\n        billspayment_page.proceed()\n>       billspayment_page.token_box(token)\n\ntest_file/test_firstonline.py:169: \n_ _ _ _ _ _ _ _ _ _ _ _ _ _ _ _ _ _ _ _ _ _ _ _ _ _ _ _ _ _ _ _ _ _ _ _ _ _ _ _ _ _ _ _ _ _ _ _ _ _ _ _ _ _ _ _ _ _ _ _ _ _ _ _ _ _ _ _ _ _ _ _ _ _ _ _ _ _ _ _\nPOM/bills_payment_page.py:66: in token_box\n    return self.driver.find_element(*BillsPayment.tokenbox).send_keys(token)\n           ^^^^^^^^^^^^^^^^^^^^^^^^^^^^^^^^^^^^^^^^^^^^^^^^\n../CSW model/.venv/lib/python3.14/site-packages/selenium/webdriver/remote/webdriver.py:926: in find_element\n    return self.execute(Command.FIND_ELEMENT, {\"using\": by, \"value\": value})[\"value\"]\n           ^^^^^^^^^^^^^^^^^^^^^^^^^^^^^^^^^^^^^^^^^^^^^^^^^^^^^^^^^^^^^^^^^\n../CSW model/.venv/lib/python3.14/site-packages/selenium/webdriver/remote/webdriver.py:458: in execute\n    self.error_handler.check_response(response)\n_ _ _ _ _ _ _ _ _ _ _ _ _ _ _ _ _ _ _ _ _ _ _ _ _ _ _ _ _ _ _ _ _ _ _ _ _ _ _ _ _ _ _ _ _ _ _ _ _ _ _ _ _ _ _ _ _ _ _ _ _ _ _ _ _ _ _ _ _ _ _ _ _ _ _ _ _ _ _ _\n\nself = <selenium.webdriver.remote.errorhandler.ErrorHandler object at 0x111e46f90>\nresponse = {'status': 404, 'value': '{\"value\":{\"error\":\"no such element\",\"message\":\"no such element: Unable to locate element: {\\...ff812b8a1d3 _pthread_start + 125\\\\n18  libsystem_pthread.dylib             0x00007ff812b85bd3 thread_start + 15\\\\n\"}}'}\n\n    def check_response(self, response: dict[str, Any]) -> None:\n        \"\"\"Checks that a JSON response from the WebDriver does not have an\n        error.\n    \n        Args:\n            response: The JSON response from the WebDriver server as a dictionary\n                object.\n    \n        Raises:\n            WebDriverException: If the response contains an error message.\n        \"\"\"\n        status = response.get(\"status\", None)\n        if not status or status == ErrorCode.SUCCESS:\n            return\n        value = None\n        message = response.get(\"message\", \"\")\n        screen: str = response.get(\"screen\", \"\")\n        stacktrace = None\n        if isinstance(status, int):\n            value_json = response.get(\"value\", None)\n            if value_json and isinstance(value_json, str):\n                try:\n                    value = json.loads(value_json)\n                    if isinstance(value, dict):\n                        if len(value) == 1:\n                            value = value[\"value\"]\n                        status = value.get(\"error\", None)\n                        if not status:\n                            status = value.get(\"status\", ErrorCode.UNKNOWN_ERROR)\n                            message = value.get(\"value\") or value.get(\"message\")\n                            if not isinstance(message, str):\n                                value = message\n                                message = message.get(\"message\") if isinstance(message, dict) else None\n                        else:\n                            message = value.get(\"message\", None)\n                except ValueError:\n                    pass\n    \n        exception_class: type[WebDriverException]\n        e = ErrorCode()\n        error_codes = [item for item in dir(e) if not item.startswith(\"__\")]\n        for error_code in error_codes:\n            error_info = getattr(ErrorCode, error_code)\n            if isinstance(error_info, list) and status in error_info:\n                exception_class = getattr(ExceptionMapping, error_code, WebDriverException)\n                break\n        else:\n            exception_class = WebDriverException\n    \n        if not value:\n            value = response[\"value\"]\n        if isinstance(value, str):\n            raise exception_class(value)\n        if message == \"\" and \"message\" in value:\n            message = value[\"message\"]\n    \n        screen = None  # type: ignore[assignment]\n        if \"screen\" in value:\n            screen = value[\"screen\"]\n    \n        stacktrace = None\n        st_value = value.get(\"stackTrace\") or value.get(\"stacktrace\")\n        if st_value:\n            if isinstance(st_value, str):\n                stacktrace = st_value.split(\"\\n\")\n            else:\n                stacktrace = []\n                try:\n                    for frame in st_value:\n                        line = frame.get(\"lineNumber\", \"\")\n                        file = frame.get(\"fileName\", \"<anonymous>\")\n                        if line:\n                            file = f\"{file}:{line}\"\n                        meth = frame.get(\"methodName\", \"<anonymous>\")\n                        if \"className\" in frame:\n                            meth = f\"{frame['className']}.{meth}\"\n                        msg = \"    at %s (%s)\"\n                        msg = msg % (meth, file)\n                        stacktrace.append(msg)\n                except TypeError:\n                    pass\n        if exception_class == UnexpectedAlertPresentException:\n            alert_text = None\n            if \"data\" in value:\n                alert_text = value[\"data\"].get(\"text\")\n            elif \"alert\" in value:\n                alert_text = value[\"alert\"].get(\"text\")\n            raise exception_class(message, screen, stacktrace, alert_text)  # type: ignore[call-arg]  # mypy is not smart enough here\n>       raise exception_class(message, screen, stacktrace)\nE       selenium.common.exceptions.NoSuchElementException: Message: no such element: Unable to locate element: {\"method\":\"xpath\",\"selector\":\"//input[@id='token-input-0']\"}\nE         (Session info: chrome=142.0.7444.176); For documentation on this error, please visit: https://www.selenium.dev/documentation/webdriver/troubleshooting/errors#nosuchelementexception\nE       Stacktrace:\nE       0   chromedriver                        0x0000000106912698 chromedriver + 6153880\nE       1   chromedriver                        0x0000000106909b6a chromedriver + 6118250\nE       2   chromedriver                        0x000000010639ea5b chromedriver + 436827\nE       3   chromedriver                        0x00000001063f1538 chromedriver + 775480\nE       4   chromedriver                        0x00000001063f1791 chromedriver + 776081\nE       5   chromedriver                        0x0000000106442934 chromedriver + 1108276\nE       6   chromedriver                        0x000000010643fc8e chromedriver + 1096846\nE       7   chromedriver                        0x00000001063e3b6f chromedriver + 719727\nE       8   chromedriver                        0x00000001063e4871 chromedriver + 723057\nE       9   chromedriver                        0x00000001068cf011 chromedriver + 5877777\nE       10  chromedriver                        0x00000001068d34c2 chromedriver + 5895362\nE       11  chromedriver                        0x00000001068ab155 chromedriver + 5730645\nE       12  chromedriver                        0x00000001068d3f6f chromedriver + 5898095\nE       13  chromedriver                        0x000000010689adc4 chromedriver + 5664196\nE       14  chromedriver                        0x00000001068f6b48 chromedriver + 6040392\nE       15  chromedriver                        0x00000001068f6d0d chromedriver + 6040845\nE       16  chromedriver                        0x0000000106909751 chromedriver + 6117201\nE       17  libsystem_pthread.dylib             0x00007ff812b8a1d3 _pthread_start + 125\nE       18  libsystem_pthread.dylib             0x00007ff812b85bd3 thread_start + 15\n\n../CSW model/.venv/lib/python3.14/site-packages/selenium/webdriver/remote/errorhandler.py:233: NoSuchElementException","flaky":false,"newFailed":false,"newBroken":false,"newPassed":false,"retriesCount":0,"retriesStatusChange":false,"beforeStages":[{"name":"context","time":{"start":1764698619329,"stop":1764698619329,"duration":0},"status":"passed","steps":[],"attachments":[],"parameters":[],"shouldDisplayMessage":false,"attachmentsCount":0,"stepsCount":0,"hasContent":false,"attachmentStep":false},{"name":"test_data","time":{"start":1764698619329,"stop":1764698619330,"duration":1},"status":"passed","steps":[],"attachments":[],"parameters":[],"shouldDisplayMessage":false,"attachmentsCount":0,"stepsCount":0,"hasContent":false,"attachmentStep":false},{"name":"get_logger","time":{"start":1764698619330,"stop":1764698619461,"duration":131},"status":"passed","steps":[],"attachments":[],"parameters":[],"shouldDisplayMessage":false,"attachmentsCount":0,"stepsCount":0,"hasContent":false,"attachmentStep":false},{"name":"setup","time":{"start":1764698619461,"stop":1764698636659,"duration":17198},"status":"passed","steps":[],"attachments":[],"parameters":[],"shouldDisplayMessage":false,"attachmentsCount":0,"stepsCount":0,"hasContent":false,"attachmentStep":false}],"testStage":{"status":"broken","statusMessage":"selenium.common.exceptions.NoSuchElementException: Message: no such element: Unable to locate element: {\"method\":\"xpath\",\"selector\":\"//input[@id='token-input-0']\"}\n  (Session info: chrome=142.0.7444.176); For documentation on this error, please visit: https://www.selenium.dev/documentation/webdriver/troubleshooting/errors#nosuchelementexception\nStacktrace:\n0   chromedriver                        0x0000000106912698 chromedriver + 6153880\n1   chromedriver                        0x0000000106909b6a chromedriver + 6118250\n2   chromedriver                        0x000000010639ea5b chromedriver + 436827\n3   chromedriver                        0x00000001063f1538 chromedriver + 775480\n4   chromedriver                        0x00000001063f1791 chromedriver + 776081\n5   chromedriver                        0x0000000106442934 chromedriver + 1108276\n6   chromedriver                        0x000000010643fc8e chromedriver + 1096846\n7   chromedriver                        0x00000001063e3b6f chromedriver + 719727\n8   chromedriver                        0x00000001063e4871 chromedriver + 723057\n9   chromedriver                        0x00000001068cf011 chromedriver + 5877777\n10  chromedriver                        0x00000001068d34c2 chromedriver + 5895362\n11  chromedriver                        0x00000001068ab155 chromedriver + 5730645\n12  chromedriver                        0x00000001068d3f6f chromedriver + 5898095\n13  chromedriver                        0x000000010689adc4 chromedriver + 5664196\n14  chromedriver                        0x00000001068f6b48 chromedriver + 6040392\n15  chromedriver                        0x00000001068f6d0d chromedriver + 6040845\n16  chromedriver                        0x0000000106909751 chromedriver + 6117201\n17  libsystem_pthread.dylib             0x00007ff812b8a1d3 _pthread_start + 125\n18  libsystem_pthread.dylib             0x00007ff812b85bd3 thread_start + 15","statusTrace":"self = <test_file.test_firstonline.Test object at 0x111e4ce90>, get_logger = <Logger pytest_logger (INFO)>\ncontext = {'dashboard_page': <POM.dashboard_page.Dashboard object at 0x111e45160>, 'security_question_page': <POM.security_question_page.SecurityQuestion object at 0x111e47e00>}\ntest_data = [{'account_number': '3118407895', 'admn_pass': 'Password@2', 'admn_user': '1949052.tosin', 'amount': '1000', ...}]\n\n    @allure.title(\"Bills Payment\")\n    @pytest.mark.order(4)\n    def test_bills_payment(self, get_logger,context,test_data):\n        row = test_data[0]\n        phone_number = row[\"phone_number\"]\n        amount = row[\"amount\"]\n        searchbiller_type = row[\"searchbiller_type\"]\n        token = row[\"token\"]\n        search_airline = row[\"search_airline\"]\n        customer_Id = row[\"customer_Id\"]\n        billers_name = row[\"billers_name\"]\n    \n        log = get_logger\n        utils = BaseUtils(self.driver)\n        dashboard_page = context.get(\"dashboard_page\")\n        billspayment_page = dashboard_page.bills_payment_tab()\n        billspayment_page.search_biller(searchbiller_type)\n        time.sleep(2)\n        billspayment_page.select_biller()\n        time.sleep(2)\n        billspayment_page.search_airline(search_airline)\n        time.sleep(2)\n        billspayment_page.select_search_result()\n        time.sleep(2)\n        billspayment_page.select_package()\n        time.sleep(2)\n        billspayment_page.select_prepaid_plan()\n        billspayment_page.input_customer_id(customer_Id)\n        time.sleep(2)\n        billspayment_page.enter_amount(amount)\n        billspayment_page.enter_phone_number(phone_number)\n        utils.scroll_to_bottom()\n        billspayment_page.proceed()\n        time.sleep(2)\n        customer_name = billspayment_page.get_customername_text()\n        assert billers_name in customer_name\n        billspayment_page.proceed()\n>       billspayment_page.token_box(token)\n\ntest_file/test_firstonline.py:169: \n_ _ _ _ _ _ _ _ _ _ _ _ _ _ _ _ _ _ _ _ _ _ _ _ _ _ _ _ _ _ _ _ _ _ _ _ _ _ _ _ _ _ _ _ _ _ _ _ _ _ _ _ _ _ _ _ _ _ _ _ _ _ _ _ _ _ _ _ _ _ _ _ _ _ _ _ _ _ _ _\nPOM/bills_payment_page.py:66: in token_box\n    return self.driver.find_element(*BillsPayment.tokenbox).send_keys(token)\n           ^^^^^^^^^^^^^^^^^^^^^^^^^^^^^^^^^^^^^^^^^^^^^^^^\n../CSW model/.venv/lib/python3.14/site-packages/selenium/webdriver/remote/webdriver.py:926: in find_element\n    return self.execute(Command.FIND_ELEMENT, {\"using\": by, \"value\": value})[\"value\"]\n           ^^^^^^^^^^^^^^^^^^^^^^^^^^^^^^^^^^^^^^^^^^^^^^^^^^^^^^^^^^^^^^^^^\n../CSW model/.venv/lib/python3.14/site-packages/selenium/webdriver/remote/webdriver.py:458: in execute\n    self.error_handler.check_response(response)\n_ _ _ _ _ _ _ _ _ _ _ _ _ _ _ _ _ _ _ _ _ _ _ _ _ _ _ _ _ _ _ _ _ _ _ _ _ _ _ _ _ _ _ _ _ _ _ _ _ _ _ _ _ _ _ _ _ _ _ _ _ _ _ _ _ _ _ _ _ _ _ _ _ _ _ _ _ _ _ _\n\nself = <selenium.webdriver.remote.errorhandler.ErrorHandler object at 0x111e46f90>\nresponse = {'status': 404, 'value': '{\"value\":{\"error\":\"no such element\",\"message\":\"no such element: Unable to locate element: {\\...ff812b8a1d3 _pthread_start + 125\\\\n18  libsystem_pthread.dylib             0x00007ff812b85bd3 thread_start + 15\\\\n\"}}'}\n\n    def check_response(self, response: dict[str, Any]) -> None:\n        \"\"\"Checks that a JSON response from the WebDriver does not have an\n        error.\n    \n        Args:\n            response: The JSON response from the WebDriver server as a dictionary\n                object.\n    \n        Raises:\n            WebDriverException: If the response contains an error message.\n        \"\"\"\n        status = response.get(\"status\", None)\n        if not status or status == ErrorCode.SUCCESS:\n            return\n        value = None\n        message = response.get(\"message\", \"\")\n        screen: str = response.get(\"screen\", \"\")\n        stacktrace = None\n        if isinstance(status, int):\n            value_json = response.get(\"value\", None)\n            if value_json and isinstance(value_json, str):\n                try:\n                    value = json.loads(value_json)\n                    if isinstance(value, dict):\n                        if len(value) == 1:\n                            value = value[\"value\"]\n                        status = value.get(\"error\", None)\n                        if not status:\n                            status = value.get(\"status\", ErrorCode.UNKNOWN_ERROR)\n                            message = value.get(\"value\") or value.get(\"message\")\n                            if not isinstance(message, str):\n                                value = message\n                                message = message.get(\"message\") if isinstance(message, dict) else None\n                        else:\n                            message = value.get(\"message\", None)\n                except ValueError:\n                    pass\n    \n        exception_class: type[WebDriverException]\n        e = ErrorCode()\n        error_codes = [item for item in dir(e) if not item.startswith(\"__\")]\n        for error_code in error_codes:\n            error_info = getattr(ErrorCode, error_code)\n            if isinstance(error_info, list) and status in error_info:\n                exception_class = getattr(ExceptionMapping, error_code, WebDriverException)\n                break\n        else:\n            exception_class = WebDriverException\n    \n        if not value:\n            value = response[\"value\"]\n        if isinstance(value, str):\n            raise exception_class(value)\n        if message == \"\" and \"message\" in value:\n            message = value[\"message\"]\n    \n        screen = None  # type: ignore[assignment]\n        if \"screen\" in value:\n            screen = value[\"screen\"]\n    \n        stacktrace = None\n        st_value = value.get(\"stackTrace\") or value.get(\"stacktrace\")\n        if st_value:\n            if isinstance(st_value, str):\n                stacktrace = st_value.split(\"\\n\")\n            else:\n                stacktrace = []\n                try:\n                    for frame in st_value:\n                        line = frame.get(\"lineNumber\", \"\")\n                        file = frame.get(\"fileName\", \"<anonymous>\")\n                        if line:\n                            file = f\"{file}:{line}\"\n                        meth = frame.get(\"methodName\", \"<anonymous>\")\n                        if \"className\" in frame:\n                            meth = f\"{frame['className']}.{meth}\"\n                        msg = \"    at %s (%s)\"\n                        msg = msg % (meth, file)\n                        stacktrace.append(msg)\n                except TypeError:\n                    pass\n        if exception_class == UnexpectedAlertPresentException:\n            alert_text = None\n            if \"data\" in value:\n                alert_text = value[\"data\"].get(\"text\")\n            elif \"alert\" in value:\n                alert_text = value[\"alert\"].get(\"text\")\n            raise exception_class(message, screen, stacktrace, alert_text)  # type: ignore[call-arg]  # mypy is not smart enough here\n>       raise exception_class(message, screen, stacktrace)\nE       selenium.common.exceptions.NoSuchElementException: Message: no such element: Unable to locate element: {\"method\":\"xpath\",\"selector\":\"//input[@id='token-input-0']\"}\nE         (Session info: chrome=142.0.7444.176); For documentation on this error, please visit: https://www.selenium.dev/documentation/webdriver/troubleshooting/errors#nosuchelementexception\nE       Stacktrace:\nE       0   chromedriver                        0x0000000106912698 chromedriver + 6153880\nE       1   chromedriver                        0x0000000106909b6a chromedriver + 6118250\nE       2   chromedriver                        0x000000010639ea5b chromedriver + 436827\nE       3   chromedriver                        0x00000001063f1538 chromedriver + 775480\nE       4   chromedriver                        0x00000001063f1791 chromedriver + 776081\nE       5   chromedriver                        0x0000000106442934 chromedriver + 1108276\nE       6   chromedriver                        0x000000010643fc8e chromedriver + 1096846\nE       7   chromedriver                        0x00000001063e3b6f chromedriver + 719727\nE       8   chromedriver                        0x00000001063e4871 chromedriver + 723057\nE       9   chromedriver                        0x00000001068cf011 chromedriver + 5877777\nE       10  chromedriver                        0x00000001068d34c2 chromedriver + 5895362\nE       11  chromedriver                        0x00000001068ab155 chromedriver + 5730645\nE       12  chromedriver                        0x00000001068d3f6f chromedriver + 5898095\nE       13  chromedriver                        0x000000010689adc4 chromedriver + 5664196\nE       14  chromedriver                        0x00000001068f6b48 chromedriver + 6040392\nE       15  chromedriver                        0x00000001068f6d0d chromedriver + 6040845\nE       16  chromedriver                        0x0000000106909751 chromedriver + 6117201\nE       17  libsystem_pthread.dylib             0x00007ff812b8a1d3 _pthread_start + 125\nE       18  libsystem_pthread.dylib             0x00007ff812b85bd3 thread_start + 15\n\n../CSW model/.venv/lib/python3.14/site-packages/selenium/webdriver/remote/errorhandler.py:233: NoSuchElementException","steps":[],"attachments":[{"uid":"857977460cbee357","name":"Failure-screenshot - 20251202_190540","source":"857977460cbee357.png","type":"image/png","size":476003}],"parameters":[],"shouldDisplayMessage":true,"attachmentsCount":1,"stepsCount":0,"hasContent":true,"attachmentStep":false},"afterStages":[{"name":"setup::0","time":{"start":1764698757754,"stop":1764698758073,"duration":319},"status":"passed","steps":[],"attachments":[],"parameters":[],"shouldDisplayMessage":false,"attachmentsCount":0,"stepsCount":0,"hasContent":false,"attachmentStep":false},{"name":"get_logger::0","time":{"start":1764698758074,"stop":1764698758075,"duration":1},"status":"passed","steps":[],"attachments":[],"parameters":[],"shouldDisplayMessage":false,"attachmentsCount":0,"stepsCount":0,"hasContent":false,"attachmentStep":false}],"labels":[{"name":"suite","value":"test_firstonline"},{"name":"subSuite","value":"Test"},{"name":"host","value":"Raptures-Mac.local"},{"name":"thread","value":"10881-MainThread"},{"name":"framework","value":"pytest"},{"name":"language","value":"cpython3"},{"name":"package","value":"test_firstonline"},{"name":"resultFormat","value":"allure2"}],"parameters":[],"links":[],"hidden":true,"retry":true,"extra":{"categories":[],"tags":[]},"source":"bf4316e42fd5c498.json","parameterValues":[]}